file RPF.cpp: Parsing
Converting
Type-checking RPF.cpp
Generating GOTO Program
GOTO program creation time: 0.150s
GOTO program processing time: 0.016s
Starting Bounded Model Checking
Unwinding loop 0 iteration 1 file ../backup/src/esbmc/Libraries//cmath line 28
Unwinding loop 0 iteration 2 file ../backup/src/esbmc/Libraries//cmath line 28
Unwinding loop 0 iteration 3 file ../backup/src/esbmc/Libraries//cmath line 28
Unwinding loop 0 iteration 4 file ../backup/src/esbmc/Libraries//cmath line 28
Unwinding loop 0 iteration 5 file ../backup/src/esbmc/Libraries//cmath line 28
Unwinding loop 0 iteration 6 file ../backup/src/esbmc/Libraries//cmath line 28
Unwinding loop 0 iteration 7 file ../backup/src/esbmc/Libraries//cmath line 28
Unwinding loop 0 iteration 8 file ../backup/src/esbmc/Libraries//cmath line 28
Unwinding loop 0 iteration 9 file ../backup/src/esbmc/Libraries//cmath line 28
Unwinding loop 0 iteration 10 file ../backup/src/esbmc/Libraries//cmath line 28
Unwinding loop 0 iteration 11 file ../backup/src/esbmc/Libraries//cmath line 28
Unwinding loop 0 iteration 12 file ../backup/src/esbmc/Libraries//cmath line 28
Unwinding loop 0 iteration 13 file ../backup/src/esbmc/Libraries//cmath line 28
Unwinding loop 0 iteration 14 file ../backup/src/esbmc/Libraries//cmath line 28
Unwinding loop 0 iteration 15 file ../backup/src/esbmc/Libraries//cmath line 28
Unwinding loop 0 iteration 1 file ../backup/src/esbmc/Libraries//cmath line 28
Unwinding loop 0 iteration 2 file ../backup/src/esbmc/Libraries//cmath line 28
Unwinding loop 0 iteration 3 file ../backup/src/esbmc/Libraries//cmath line 28
Unwinding loop 0 iteration 4 file ../backup/src/esbmc/Libraries//cmath line 28
Unwinding loop 0 iteration 5 file ../backup/src/esbmc/Libraries//cmath line 28
Unwinding loop 0 iteration 6 file ../backup/src/esbmc/Libraries//cmath line 28
Unwinding loop 0 iteration 7 file ../backup/src/esbmc/Libraries//cmath line 28
Unwinding loop 0 iteration 8 file ../backup/src/esbmc/Libraries//cmath line 28
Unwinding loop 0 iteration 9 file ../backup/src/esbmc/Libraries//cmath line 28
Unwinding loop 0 iteration 10 file ../backup/src/esbmc/Libraries//cmath line 28
Unwinding loop 0 iteration 11 file ../backup/src/esbmc/Libraries//cmath line 28
Unwinding loop 0 iteration 12 file ../backup/src/esbmc/Libraries//cmath line 28
Unwinding loop 0 iteration 13 file ../backup/src/esbmc/Libraries//cmath line 28
Unwinding loop 0 iteration 14 file ../backup/src/esbmc/Libraries//cmath line 28
Unwinding loop 0 iteration 15 file ../backup/src/esbmc/Libraries//cmath line 28
size of program expression: 373 assignments
Generated 61 VCC(s), 35 remaining after simplification
Encoding remaining VCC(s) using bit-vector arithmetic
Encoding to solver time: 0.002s
Solving with SMT Solver Z3 v4.0
Runtime decision procedure: 354.107s
Building error trace

Counterexample:

State 1 file types.h line 17 thread 0
cpp::createLink() at RPF.cpp line 12
<main invocation>
----------------------------------------------------
  cpp::<signed_int>Link::Link(this,symbol(identifier=cpp::<signed_int>tag.Node),symbol(identifier=cpp::<signed_int>tag.Node))::cpp::<signed_int>Link::Link(this,symbol(identifier=cpp::<signed_int>tag.Node),symbol(identifier=cpp::<signed_int>tag.Node))::start={ .cpp::<signed_int>Node::x=1588, .cpp::<signed_int>Node::y=59402 }

State 2 file types.h line 17 thread 0
cpp::createLink() at RPF.cpp line 12
<main invocation>
----------------------------------------------------
  cpp::<signed_int>Link::Link(this,symbol(identifier=cpp::<signed_int>tag.Node),symbol(identifier=cpp::<signed_int>tag.Node))::cpp::<signed_int>Link::Link(this,symbol(identifier=cpp::<signed_int>tag.Node),symbol(identifier=cpp::<signed_int>tag.Node))::end={ .cpp::<signed_int>Node::x=23636, .cpp::<signed_int>Node::y=41110 }

State 3 file types.h line 17 thread 0
cpp::createLink() at RPF.cpp line 12
<main invocation>
----------------------------------------------------
  createLink::cpp::createLink()::1::res={ .cpp::<signed_int>Link::start={ .cpp::<signed_int>Node::x=1588, .cpp::<signed_int>Node::y=59402 },
    .cpp::<signed_int>Link::end={ .cpp::<signed_int>Node::x=10640, .cpp::<signed_int>Node::y=4669 } }

State 4 file types.h line 18 thread 0
cpp::createLink() at RPF.cpp line 12
<main invocation>
----------------------------------------------------
  createLink::cpp::createLink()::1::res={ .cpp::<signed_int>Link::start={ .cpp::<signed_int>Node::x=1588, .cpp::<signed_int>Node::y=59402 },
    .cpp::<signed_int>Link::end={ .cpp::<signed_int>Node::x=23636, .cpp::<signed_int>Node::y=41110 } }

State 5 file functions.h line 12 thread 0
cpp::createLink() at RPF.cpp line 12
<main invocation>
----------------------------------------------------
  c::main::$tmp::return_value_createLink$2={ .cpp::<signed_int>Link::start={ .cpp::<signed_int>Node::x=1588, .cpp::<signed_int>Node::y=59402 },
    .cpp::<signed_int>Link::end={ .cpp::<signed_int>Node::x=23636, .cpp::<signed_int>Node::y=41110 } }

State 6 file types.h line 13 function Link::Link( const Link&) thread 0
<main invocation>
----------------------------------------------------
  c::main::$tmp::tmp$1={ .cpp::<signed_int>Link::start={ .cpp::<signed_int>Node::x=1588, .cpp::<signed_int>Node::y=59402 },
    .cpp::<signed_int>Link::end={ .cpp::<signed_int>Node::x=10640, .cpp::<signed_int>Node::y=4669 } }

State 7 file types.h line 13 function Link::Link( const Link&) thread 0
<main invocation>
----------------------------------------------------
  c::main::$tmp::tmp$1={ .cpp::<signed_int>Link::start={ .cpp::<signed_int>Node::x=1588, .cpp::<signed_int>Node::y=59402 },
    .cpp::<signed_int>Link::end={ .cpp::<signed_int>Node::x=23636, .cpp::<signed_int>Node::y=41110 } }

State 8 file types.h line 13 function Link::Link( const Link&) thread 0
<main invocation>
----------------------------------------------------
  main::c::main::1::l_1={ .cpp::<signed_int>Link::start={ .cpp::<signed_int>Node::x=1588, .cpp::<signed_int>Node::y=59402 },
    .cpp::<signed_int>Link::end={ .cpp::<signed_int>Node::x=10640, .cpp::<signed_int>Node::y=4669 } }

State 9 file types.h line 13 function Link::Link( const Link&) thread 0
<main invocation>
----------------------------------------------------
  main::c::main::1::l_1={ .cpp::<signed_int>Link::start={ .cpp::<signed_int>Node::x=1588, .cpp::<signed_int>Node::y=59402 },
    .cpp::<signed_int>Link::end={ .cpp::<signed_int>Node::x=23636, .cpp::<signed_int>Node::y=41110 } }

State 11 file types.h line 25 thread 0
cpp::reverseLink(symbol(identifier=cpp::<signed_int>tag.Link)) at RPF.cpp line 13
<main invocation>
----------------------------------------------------
  cpp::reverseLink(symbol(identifier=cpp::<signed_int>tag.Link))::$tmp::return_value_getEnd$1={ .cpp::<signed_int>Node::x=23636, .cpp::<signed_int>Node::y=41110 }

State 12 file functions.h line 16 thread 0
cpp::reverseLink(symbol(identifier=cpp::<signed_int>tag.Link)) at RPF.cpp line 13
<main invocation>
----------------------------------------------------
  reverseLink::cpp::reverseLink(symbol(identifier=cpp::<signed_int>tag.Link))::1::start={ .cpp::<signed_int>Node::x=23636, .cpp::<signed_int>Node::y=41110 }

State 13 file types.h line 22 thread 0
cpp::reverseLink(symbol(identifier=cpp::<signed_int>tag.Link)) at RPF.cpp line 13
<main invocation>
----------------------------------------------------
  cpp::reverseLink(symbol(identifier=cpp::<signed_int>tag.Link))::$tmp::return_value_getStart$2={ .cpp::<signed_int>Node::x=1588, .cpp::<signed_int>Node::y=59402 }

State 14 file functions.h line 17 thread 0
cpp::reverseLink(symbol(identifier=cpp::<signed_int>tag.Link)) at RPF.cpp line 13
<main invocation>
----------------------------------------------------
  reverseLink::cpp::reverseLink(symbol(identifier=cpp::<signed_int>tag.Link))::1::end={ .cpp::<signed_int>Node::x=1588, .cpp::<signed_int>Node::y=59402 }

State 15 file types.h line 17 thread 0
cpp::reverseLink(symbol(identifier=cpp::<signed_int>tag.Link)) at RPF.cpp line 13
<main invocation>
----------------------------------------------------
  cpp::<signed_int>Link::Link(this,symbol(identifier=cpp::<signed_int>tag.Node),symbol(identifier=cpp::<signed_int>tag.Node))::cpp::<signed_int>Link::Link(this,symbol(identifier=cpp::<signed_int>tag.Node),symbol(identifier=cpp::<signed_int>tag.Node))::start={ .cpp::<signed_int>Node::x=23636, .cpp::<signed_int>Node::y=41110 }

State 16 file types.h line 17 thread 0
cpp::reverseLink(symbol(identifier=cpp::<signed_int>tag.Link)) at RPF.cpp line 13
<main invocation>
----------------------------------------------------
  cpp::<signed_int>Link::Link(this,symbol(identifier=cpp::<signed_int>tag.Node),symbol(identifier=cpp::<signed_int>tag.Node))::cpp::<signed_int>Link::Link(this,symbol(identifier=cpp::<signed_int>tag.Node),symbol(identifier=cpp::<signed_int>tag.Node))::end={ .cpp::<signed_int>Node::x=1588, .cpp::<signed_int>Node::y=59402 }

State 17 file types.h line 17 thread 0
cpp::reverseLink(symbol(identifier=cpp::<signed_int>tag.Link)) at RPF.cpp line 13
<main invocation>
----------------------------------------------------
  reverseLink::cpp::reverseLink(symbol(identifier=cpp::<signed_int>tag.Link))::1::res={ .cpp::<signed_int>Link::start={ .cpp::<signed_int>Node::x=23636, .cpp::<signed_int>Node::y=41110 },
    .cpp::<signed_int>Link::end={ .cpp::<signed_int>Node::x=10640, .cpp::<signed_int>Node::y=4669 } }

State 18 file types.h line 18 thread 0
cpp::reverseLink(symbol(identifier=cpp::<signed_int>tag.Link)) at RPF.cpp line 13
<main invocation>
----------------------------------------------------
  reverseLink::cpp::reverseLink(symbol(identifier=cpp::<signed_int>tag.Link))::1::res={ .cpp::<signed_int>Link::start={ .cpp::<signed_int>Node::x=23636, .cpp::<signed_int>Node::y=41110 },
    .cpp::<signed_int>Link::end={ .cpp::<signed_int>Node::x=1588, .cpp::<signed_int>Node::y=59402 } }

State 19 file functions.h line 22 thread 0
cpp::reverseLink(symbol(identifier=cpp::<signed_int>tag.Link)) at RPF.cpp line 13
<main invocation>
----------------------------------------------------
  c::main::$tmp::return_value_reverseLink$4={ .cpp::<signed_int>Link::start={ .cpp::<signed_int>Node::x=23636, .cpp::<signed_int>Node::y=41110 },
    .cpp::<signed_int>Link::end={ .cpp::<signed_int>Node::x=1588, .cpp::<signed_int>Node::y=59402 } }

State 20 file types.h line 13 function Link::Link( const Link&) thread 0
<main invocation>
----------------------------------------------------
  c::main::$tmp::tmp$3={ .cpp::<signed_int>Link::start={ .cpp::<signed_int>Node::x=23636, .cpp::<signed_int>Node::y=41110 },
    .cpp::<signed_int>Link::end={ .cpp::<signed_int>Node::x=10640, .cpp::<signed_int>Node::y=4669 } }

State 21 file types.h line 13 function Link::Link( const Link&) thread 0
<main invocation>
----------------------------------------------------
  c::main::$tmp::tmp$3={ .cpp::<signed_int>Link::start={ .cpp::<signed_int>Node::x=23636, .cpp::<signed_int>Node::y=41110 },
    .cpp::<signed_int>Link::end={ .cpp::<signed_int>Node::x=1588, .cpp::<signed_int>Node::y=59402 } }

State 22 file types.h line 13 function Link::Link( const Link&) thread 0
<main invocation>
----------------------------------------------------
  main::c::main::1::l_2={ .cpp::<signed_int>Link::start={ .cpp::<signed_int>Node::x=23636, .cpp::<signed_int>Node::y=41110 },
    .cpp::<signed_int>Link::end={ .cpp::<signed_int>Node::x=10640, .cpp::<signed_int>Node::y=4669 } }

State 23 file types.h line 13 function Link::Link( const Link&) thread 0
<main invocation>
----------------------------------------------------
  main::c::main::1::l_2={ .cpp::<signed_int>Link::start={ .cpp::<signed_int>Node::x=23636, .cpp::<signed_int>Node::y=41110 },
    .cpp::<signed_int>Link::end={ .cpp::<signed_int>Node::x=1588, .cpp::<signed_int>Node::y=59402 } }

State 25 file types.h line 22 thread 0
cpp::weight(symbol(identifier=cpp::<signed_int>tag.Link)) at RPF.cpp line 14
<main invocation>
----------------------------------------------------
  cpp::weight(symbol(identifier=cpp::<signed_int>tag.Link))::$tmp::return_value_getStart$1={ .cpp::<signed_int>Node::x=1588, .cpp::<signed_int>Node::y=59402 }

State 26 file RPF.h line 28 thread 0
cpp::weight(symbol(identifier=cpp::<signed_int>tag.Link)) at RPF.cpp line 14
<main invocation>
----------------------------------------------------
  weight::cpp::weight(symbol(identifier=cpp::<signed_int>tag.Link))::1::u={ .cpp::<signed_int>Node::x=1588, .cpp::<signed_int>Node::y=59402 }

State 27 file types.h line 25 thread 0
cpp::weight(symbol(identifier=cpp::<signed_int>tag.Link)) at RPF.cpp line 14
<main invocation>
----------------------------------------------------
  cpp::weight(symbol(identifier=cpp::<signed_int>tag.Link))::$tmp::return_value_getEnd$2={ .cpp::<signed_int>Node::x=23636, .cpp::<signed_int>Node::y=41110 }

State 28 file RPF.h line 29 thread 0
cpp::weight(symbol(identifier=cpp::<signed_int>tag.Link)) at RPF.cpp line 14
<main invocation>
----------------------------------------------------
  weight::cpp::weight(symbol(identifier=cpp::<signed_int>tag.Link))::1::v={ .cpp::<signed_int>Node::x=23636, .cpp::<signed_int>Node::y=41110 }

State 29 file RPF.h line 30 thread 0
cpp::weight(symbol(identifier=cpp::<signed_int>tag.Link)) at RPF.cpp line 14
<main invocation>
----------------------------------------------------
  weight::cpp::weight(symbol(identifier=cpp::<signed_int>tag.Link))::1::prod=682229760 (682229760)

State 32 file RPF.h line 18 thread 0
cpp::dist(symbol(identifier=cpp::<signed_int>tag.Node),symbol(identifier=cpp::<signed_int>tag.Node)) at RPF.h line 31
cpp::weight(symbol(identifier=cpp::<signed_int>tag.Link)) at RPF.cpp line 14
<main invocation>
----------------------------------------------------
  dist::cpp::dist(symbol(identifier=cpp::<signed_int>tag.Node),symbol(identifier=cpp::<signed_int>tag.Node))::1::res=17764f (17764)

State 36 file ../backup/src/esbmc/Libraries//cmath line 24 thread 0
cpp::sqrt(float) at RPF.h line 20
cpp::dist(symbol(identifier=cpp::<signed_int>tag.Node),symbol(identifier=cpp::<signed_int>tag.Node)) at RPF.h line 31
cpp::weight(symbol(identifier=cpp::<signed_int>tag.Link)) at RPF.cpp line 14
<main invocation>
----------------------------------------------------
  sqrt::cpp::sqrt(float)::1::x=17764l (17764)

State 37 file ../backup/src/esbmc/Libraries//cmath line 25 thread 0
cpp::sqrt(float) at RPF.h line 20
cpp::dist(symbol(identifier=cpp::<signed_int>tag.Node),symbol(identifier=cpp::<signed_int>tag.Node)) at RPF.h line 31
cpp::weight(symbol(identifier=cpp::<signed_int>tag.Link)) at RPF.cpp line 14
<main invocation>
----------------------------------------------------
  sqrt::cpp::sqrt(float)::1::y=1l (1)

State 38 file ../backup/src/esbmc/Libraries//cmath line 29 thread 0
cpp::sqrt(float) at RPF.h line 20
cpp::dist(symbol(identifier=cpp::<signed_int>tag.Node),symbol(identifier=cpp::<signed_int>tag.Node)) at RPF.h line 31
cpp::weight(symbol(identifier=cpp::<signed_int>tag.Link)) at RPF.cpp line 14
<main invocation>
----------------------------------------------------
  sqrt::cpp::sqrt(float)::1::x=8882.5l (8882.5)

State 40 file ../backup/src/esbmc/Libraries//cmath line 30 thread 0
cpp::sqrt(float) at RPF.h line 20
cpp::dist(symbol(identifier=cpp::<signed_int>tag.Node),symbol(identifier=cpp::<signed_int>tag.Node)) at RPF.h line 31
cpp::weight(symbol(identifier=cpp::<signed_int>tag.Link)) at RPF.cpp line 14
<main invocation>
----------------------------------------------------
  sqrt::cpp::sqrt(float)::1::y=1.999887418933212757110595703125l (1.999887418933212757110595703125)

State 41 file ../backup/src/esbmc/Libraries//cmath line 29 thread 0
cpp::sqrt(float) at RPF.h line 20
cpp::dist(symbol(identifier=cpp::<signed_int>tag.Node),symbol(identifier=cpp::<signed_int>tag.Node)) at RPF.h line 31
cpp::weight(symbol(identifier=cpp::<signed_int>tag.Link)) at RPF.cpp line 14
<main invocation>
----------------------------------------------------
  sqrt::cpp::sqrt(float)::1::x=4442.2499437094666063785552978515625l (4442.2499437094666063785552978515625)

State 43 file ../backup/src/esbmc/Libraries//cmath line 30 thread 0
cpp::sqrt(float) at RPF.h line 20
cpp::dist(symbol(identifier=cpp::<signed_int>tag.Node),symbol(identifier=cpp::<signed_int>tag.Node)) at RPF.h line 31
cpp::weight(symbol(identifier=cpp::<signed_int>tag.Link)) at RPF.cpp line 14
<main invocation>
----------------------------------------------------
  sqrt::cpp::sqrt(float)::1::y=3.99887449480593204498291015625l (3.99887449480593204498291015625)

State 44 file ../backup/src/esbmc/Libraries//cmath line 29 thread 0
cpp::sqrt(float) at RPF.h line 20
cpp::dist(symbol(identifier=cpp::<signed_int>tag.Node),symbol(identifier=cpp::<signed_int>tag.Node)) at RPF.h line 31
cpp::weight(symbol(identifier=cpp::<signed_int>tag.Link)) at RPF.cpp line 14
<main invocation>
----------------------------------------------------
  sqrt::cpp::sqrt(float)::1::x=2223.12440910213626921176910400390625l (2223.12440910213626921176910400390625)

State 46 file ../backup/src/esbmc/Libraries//cmath line 30 thread 0
cpp::sqrt(float) at RPF.h line 20
cpp::dist(symbol(identifier=cpp::<signed_int>tag.Node),symbol(identifier=cpp::<signed_int>tag.Node)) at RPF.h line 31
cpp::weight(symbol(identifier=cpp::<signed_int>tag.Link)) at RPF.cpp line 14
<main invocation>
----------------------------------------------------
  sqrt::cpp::sqrt(float)::1::y=7.9905559611506760120391845703125l (7.9905559611506760120391845703125)

State 47 file ../backup/src/esbmc/Libraries//cmath line 29 thread 0
cpp::sqrt(float) at RPF.h line 20
cpp::dist(symbol(identifier=cpp::<signed_int>tag.Node),symbol(identifier=cpp::<signed_int>tag.Node)) at RPF.h line 31
cpp::weight(symbol(identifier=cpp::<signed_int>tag.Link)) at RPF.cpp line 14
<main invocation>
----------------------------------------------------
  sqrt::cpp::sqrt(float)::1::x=1115.55748253152705729007720947265625l (1115.55748253152705729007720947265625)

State 49 file ../backup/src/esbmc/Libraries//cmath line 30 thread 0
cpp::sqrt(float) at RPF.h line 20
cpp::dist(symbol(identifier=cpp::<signed_int>tag.Node),symbol(identifier=cpp::<signed_int>tag.Node)) at RPF.h line 31
cpp::weight(symbol(identifier=cpp::<signed_int>tag.Link)) at RPF.cpp line 14
<main invocation>
----------------------------------------------------
  sqrt::cpp::sqrt(float)::1::y=15.92387687601149082183837890625l (15.92387687601149082183837890625)

State 50 file ../backup/src/esbmc/Libraries//cmath line 29 thread 0
cpp::sqrt(float) at RPF.h line 20
cpp::dist(symbol(identifier=cpp::<signed_int>tag.Node),symbol(identifier=cpp::<signed_int>tag.Node)) at RPF.h line 31
cpp::weight(symbol(identifier=cpp::<signed_int>tag.Link)) at RPF.cpp line 14
<main invocation>
----------------------------------------------------
  sqrt::cpp::sqrt(float)::1::x=565.740679703652858734130859375l (565.740679703652858734130859375)

State 52 file ../backup/src/esbmc/Libraries//cmath line 30 thread 0
cpp::sqrt(float) at RPF.h line 20
cpp::dist(symbol(identifier=cpp::<signed_int>tag.Node),symbol(identifier=cpp::<signed_int>tag.Node)) at RPF.h line 31
cpp::weight(symbol(identifier=cpp::<signed_int>tag.Link)) at RPF.cpp line 14
<main invocation>
----------------------------------------------------
  sqrt::cpp::sqrt(float)::1::y=31.3995451224036514759063720703125l (31.3995451224036514759063720703125)

State 53 file ../backup/src/esbmc/Libraries//cmath line 29 thread 0
cpp::sqrt(float) at RPF.h line 20
cpp::dist(symbol(identifier=cpp::<signed_int>tag.Node),symbol(identifier=cpp::<signed_int>tag.Node)) at RPF.h line 31
cpp::weight(symbol(identifier=cpp::<signed_int>tag.Link)) at RPF.cpp line 14
<main invocation>
----------------------------------------------------
  sqrt::cpp::sqrt(float)::1::x=298.57011241302825510501861572265625l (298.57011241302825510501861572265625)

State 55 file ../backup/src/esbmc/Libraries//cmath line 30 thread 0
cpp::sqrt(float) at RPF.h line 20
cpp::dist(symbol(identifier=cpp::<signed_int>tag.Node),symbol(identifier=cpp::<signed_int>tag.Node)) at RPF.h line 31
cpp::weight(symbol(identifier=cpp::<signed_int>tag.Link)) at RPF.cpp line 14
<main invocation>
----------------------------------------------------
  sqrt::cpp::sqrt(float)::1::y=59.4969129911623895168304443359375l (59.4969129911623895168304443359375)

State 56 file ../backup/src/esbmc/Libraries//cmath line 29 thread 0
cpp::sqrt(float) at RPF.h line 20
cpp::dist(symbol(identifier=cpp::<signed_int>tag.Node),symbol(identifier=cpp::<signed_int>tag.Node)) at RPF.h line 31
cpp::weight(symbol(identifier=cpp::<signed_int>tag.Link)) at RPF.cpp line 14
<main invocation>
----------------------------------------------------
  sqrt::cpp::sqrt(float)::1::x=179.03351270197890698909759521484375l (179.03351270197890698909759521484375)

State 58 file ../backup/src/esbmc/Libraries//cmath line 30 thread 0
cpp::sqrt(float) at RPF.h line 20
cpp::dist(symbol(identifier=cpp::<signed_int>tag.Node),symbol(identifier=cpp::<signed_int>tag.Node)) at RPF.h line 31
cpp::weight(symbol(identifier=cpp::<signed_int>tag.Link)) at RPF.cpp line 14
<main invocation>
----------------------------------------------------
  sqrt::cpp::sqrt(float)::1::y=99.221647008322179317474365234375l (99.221647008322179317474365234375)

State 59 file ../backup/src/esbmc/Libraries//cmath line 29 thread 0
cpp::sqrt(float) at RPF.h line 20
cpp::dist(symbol(identifier=cpp::<signed_int>tag.Node),symbol(identifier=cpp::<signed_int>tag.Node)) at RPF.h line 31
cpp::weight(symbol(identifier=cpp::<signed_int>tag.Link)) at RPF.cpp line 14
<main invocation>
----------------------------------------------------
  sqrt::cpp::sqrt(float)::1::x=139.12757985503412783145904541015625l (139.12757985503412783145904541015625)

State 61 file ../backup/src/esbmc/Libraries//cmath line 30 thread 0
cpp::sqrt(float) at RPF.h line 20
cpp::dist(symbol(identifier=cpp::<signed_int>tag.Node),symbol(identifier=cpp::<signed_int>tag.Node)) at RPF.h line 31
cpp::weight(symbol(identifier=cpp::<signed_int>tag.Link)) at RPF.cpp line 14
<main invocation>
----------------------------------------------------
  sqrt::cpp::sqrt(float)::1::y=127.68136999499984085559844970703125l (127.68136999499984085559844970703125)

State 62 file ../backup/src/esbmc/Libraries//cmath line 29 thread 0
cpp::sqrt(float) at RPF.h line 20
cpp::dist(symbol(identifier=cpp::<signed_int>tag.Node),symbol(identifier=cpp::<signed_int>tag.Node)) at RPF.h line 31
cpp::weight(symbol(identifier=cpp::<signed_int>tag.Link)) at RPF.cpp line 14
<main invocation>
----------------------------------------------------
  sqrt::cpp::sqrt(float)::1::x=133.40447492501698434352874755859375l (133.40447492501698434352874755859375)

State 64 file ../backup/src/esbmc/Libraries//cmath line 30 thread 0
cpp::sqrt(float) at RPF.h line 20
cpp::dist(symbol(identifier=cpp::<signed_int>tag.Node),symbol(identifier=cpp::<signed_int>tag.Node)) at RPF.h line 31
cpp::weight(symbol(identifier=cpp::<signed_int>tag.Link)) at RPF.cpp line 14
<main invocation>
----------------------------------------------------
  sqrt::cpp::sqrt(float)::1::y=133.15895145176909863948822021484375l (133.15895145176909863948822021484375)

State 65 file ../backup/src/esbmc/Libraries//cmath line 29 thread 0
cpp::sqrt(float) at RPF.h line 20
cpp::dist(symbol(identifier=cpp::<signed_int>tag.Node),symbol(identifier=cpp::<signed_int>tag.Node)) at RPF.h line 31
cpp::weight(symbol(identifier=cpp::<signed_int>tag.Link)) at RPF.cpp line 14
<main invocation>
----------------------------------------------------
  sqrt::cpp::sqrt(float)::1::x=133.28171318839304149150848388671875l (133.28171318839304149150848388671875)

State 67 file ../backup/src/esbmc/Libraries//cmath line 30 thread 0
cpp::sqrt(float) at RPF.h line 20
cpp::dist(symbol(identifier=cpp::<signed_int>tag.Node),symbol(identifier=cpp::<signed_int>tag.Node)) at RPF.h line 31
cpp::weight(symbol(identifier=cpp::<signed_int>tag.Link)) at RPF.cpp line 14
<main invocation>
----------------------------------------------------
  sqrt::cpp::sqrt(float)::1::y=133.2816001162864267826080322265625l (133.2816001162864267826080322265625)

State 68 file ../backup/src/esbmc/Libraries//cmath line 29 thread 0
cpp::sqrt(float) at RPF.h line 20
cpp::dist(symbol(identifier=cpp::<signed_int>tag.Node),symbol(identifier=cpp::<signed_int>tag.Node)) at RPF.h line 31
cpp::weight(symbol(identifier=cpp::<signed_int>tag.Link)) at RPF.cpp line 14
<main invocation>
----------------------------------------------------
  sqrt::cpp::sqrt(float)::1::x=133.2816566522233188152313232421875l (133.2816566522233188152313232421875)

State 70 file ../backup/src/esbmc/Libraries//cmath line 30 thread 0
cpp::sqrt(float) at RPF.h line 20
cpp::dist(symbol(identifier=cpp::<signed_int>tag.Node),symbol(identifier=cpp::<signed_int>tag.Node)) at RPF.h line 31
cpp::weight(symbol(identifier=cpp::<signed_int>tag.Link)) at RPF.cpp line 14
<main invocation>
----------------------------------------------------
  sqrt::cpp::sqrt(float)::1::y=133.28165665245614945888519287109375l (133.28165665245614945888519287109375)

State 71 file ../backup/src/esbmc/Libraries//cmath line 29 thread 0
cpp::sqrt(float) at RPF.h line 20
cpp::dist(symbol(identifier=cpp::<signed_int>tag.Node),symbol(identifier=cpp::<signed_int>tag.Node)) at RPF.h line 31
cpp::weight(symbol(identifier=cpp::<signed_int>tag.Link)) at RPF.cpp line 14
<main invocation>
----------------------------------------------------
  sqrt::cpp::sqrt(float)::1::x=133.2816566522233188152313232421875l (133.2816566522233188152313232421875)

State 73 file ../backup/src/esbmc/Libraries//cmath line 30 thread 0
cpp::sqrt(float) at RPF.h line 20
cpp::dist(symbol(identifier=cpp::<signed_int>tag.Node),symbol(identifier=cpp::<signed_int>tag.Node)) at RPF.h line 31
cpp::weight(symbol(identifier=cpp::<signed_int>tag.Link)) at RPF.cpp line 14
<main invocation>
----------------------------------------------------
  sqrt::cpp::sqrt(float)::1::y=133.28165665245614945888519287109375l (133.28165665245614945888519287109375)

State 74 file ../backup/src/esbmc/Libraries//cmath line 29 thread 0
cpp::sqrt(float) at RPF.h line 20
cpp::dist(symbol(identifier=cpp::<signed_int>tag.Node),symbol(identifier=cpp::<signed_int>tag.Node)) at RPF.h line 31
cpp::weight(symbol(identifier=cpp::<signed_int>tag.Link)) at RPF.cpp line 14
<main invocation>
----------------------------------------------------
  sqrt::cpp::sqrt(float)::1::x=133.2816566522233188152313232421875l (133.2816566522233188152313232421875)

State 76 file ../backup/src/esbmc/Libraries//cmath line 30 thread 0
cpp::sqrt(float) at RPF.h line 20
cpp::dist(symbol(identifier=cpp::<signed_int>tag.Node),symbol(identifier=cpp::<signed_int>tag.Node)) at RPF.h line 31
cpp::weight(symbol(identifier=cpp::<signed_int>tag.Link)) at RPF.cpp line 14
<main invocation>
----------------------------------------------------
  sqrt::cpp::sqrt(float)::1::y=133.28165665245614945888519287109375l (133.28165665245614945888519287109375)

State 77 file ../backup/src/esbmc/Libraries//cmath line 29 thread 0
cpp::sqrt(float) at RPF.h line 20
cpp::dist(symbol(identifier=cpp::<signed_int>tag.Node),symbol(identifier=cpp::<signed_int>tag.Node)) at RPF.h line 31
cpp::weight(symbol(identifier=cpp::<signed_int>tag.Link)) at RPF.cpp line 14
<main invocation>
----------------------------------------------------
  sqrt::cpp::sqrt(float)::1::x=133.2816566522233188152313232421875l (133.2816566522233188152313232421875)

State 79 file ../backup/src/esbmc/Libraries//cmath line 30 thread 0
cpp::sqrt(float) at RPF.h line 20
cpp::dist(symbol(identifier=cpp::<signed_int>tag.Node),symbol(identifier=cpp::<signed_int>tag.Node)) at RPF.h line 31
cpp::weight(symbol(identifier=cpp::<signed_int>tag.Link)) at RPF.cpp line 14
<main invocation>
----------------------------------------------------
  sqrt::cpp::sqrt(float)::1::y=133.28165665245614945888519287109375l (133.28165665245614945888519287109375)

State 80 file ../backup/src/esbmc/Libraries//cmath line 29 thread 0
cpp::sqrt(float) at RPF.h line 20
cpp::dist(symbol(identifier=cpp::<signed_int>tag.Node),symbol(identifier=cpp::<signed_int>tag.Node)) at RPF.h line 31
cpp::weight(symbol(identifier=cpp::<signed_int>tag.Link)) at RPF.cpp line 14
<main invocation>
----------------------------------------------------
  sqrt::cpp::sqrt(float)::1::x=133.2816566522233188152313232421875l (133.2816566522233188152313232421875)

State 82 file ../backup/src/esbmc/Libraries//cmath line 33 thread 0
cpp::sqrt(float) at RPF.h line 20
cpp::dist(symbol(identifier=cpp::<signed_int>tag.Node),symbol(identifier=cpp::<signed_int>tag.Node)) at RPF.h line 31
cpp::weight(symbol(identifier=cpp::<signed_int>tag.Link)) at RPF.cpp line 14
<main invocation>
----------------------------------------------------
  cpp::dist(symbol(identifier=cpp::<signed_int>tag.Node),symbol(identifier=cpp::<signed_int>tag.Node))::$tmp::return_value_sqrt$1=133.281646728515625f (133.281646728515625)

State 83 file RPF.h line 20 thread 0
cpp::dist(symbol(identifier=cpp::<signed_int>tag.Node),symbol(identifier=cpp::<signed_int>tag.Node)) at RPF.h line 31
cpp::weight(symbol(identifier=cpp::<signed_int>tag.Link)) at RPF.cpp line 14
<main invocation>
----------------------------------------------------
  dist::cpp::dist(symbol(identifier=cpp::<signed_int>tag.Node),symbol(identifier=cpp::<signed_int>tag.Node))::1::ret=133.281646728515625f (133.281646728515625)

State 85 file RPF.h line 23 thread 0
cpp::dist(symbol(identifier=cpp::<signed_int>tag.Node),symbol(identifier=cpp::<signed_int>tag.Node)) at RPF.h line 31
cpp::weight(symbol(identifier=cpp::<signed_int>tag.Link)) at RPF.cpp line 14
<main invocation>
----------------------------------------------------
  cpp::weight(symbol(identifier=cpp::<signed_int>tag.Link))::$tmp::return_value_dist$3=133.281646728515625f (133.281646728515625)

State 86 file RPF.h line 31 thread 0
cpp::weight(symbol(identifier=cpp::<signed_int>tag.Link)) at RPF.cpp line 14
<main invocation>
----------------------------------------------------
  weight::cpp::weight(symbol(identifier=cpp::<signed_int>tag.Link))::1::dist_ud=133.281646728515625f (133.281646728515625)

State 90 file RPF.h line 34 thread 0
cpp::weight(symbol(identifier=cpp::<signed_int>tag.Link)) at RPF.cpp line 14
<main invocation>
----------------------------------------------------
  weight::cpp::weight(symbol(identifier=cpp::<signed_int>tag.Link))::1::ret=0f (0)

State 91 file RPF.h line 35 thread 0
cpp::weight(symbol(identifier=cpp::<signed_int>tag.Link)) at RPF.cpp line 14
<main invocation>
----------------------------------------------------
  c::main::$tmp::return_value_weight$5=0f (0)

State 92 file RPF.cpp line 14 thread 0
<main invocation>
----------------------------------------------------
  main::c::main::1::w_1=0f (0)

State 94 file types.h line 22 thread 0
cpp::weight(symbol(identifier=cpp::<signed_int>tag.Link)) at RPF.cpp line 15
<main invocation>
----------------------------------------------------
  cpp::weight(symbol(identifier=cpp::<signed_int>tag.Link))::$tmp::return_value_getStart$1={ .cpp::<signed_int>Node::x=23636, .cpp::<signed_int>Node::y=41110 }

State 95 file RPF.h line 28 thread 0
cpp::weight(symbol(identifier=cpp::<signed_int>tag.Link)) at RPF.cpp line 15
<main invocation>
----------------------------------------------------
  weight::cpp::weight(symbol(identifier=cpp::<signed_int>tag.Link))::1::u={ .cpp::<signed_int>Node::x=23636, .cpp::<signed_int>Node::y=41110 }

State 96 file types.h line 25 thread 0
cpp::weight(symbol(identifier=cpp::<signed_int>tag.Link)) at RPF.cpp line 15
<main invocation>
----------------------------------------------------
  cpp::weight(symbol(identifier=cpp::<signed_int>tag.Link))::$tmp::return_value_getEnd$2={ .cpp::<signed_int>Node::x=1588, .cpp::<signed_int>Node::y=59402 }

State 97 file RPF.h line 29 thread 0
cpp::weight(symbol(identifier=cpp::<signed_int>tag.Link)) at RPF.cpp line 15
<main invocation>
----------------------------------------------------
  weight::cpp::weight(symbol(identifier=cpp::<signed_int>tag.Link))::1::v={ .cpp::<signed_int>Node::x=1588, .cpp::<signed_int>Node::y=59402 }

State 98 file RPF.h line 30 thread 0
cpp::weight(symbol(identifier=cpp::<signed_int>tag.Link)) at RPF.cpp line 15
<main invocation>
----------------------------------------------------
  weight::cpp::weight(symbol(identifier=cpp::<signed_int>tag.Link))::1::prod=-380042964 (3914924332)

State 101 file RPF.h line 18 thread 0
cpp::dist(symbol(identifier=cpp::<signed_int>tag.Node),symbol(identifier=cpp::<signed_int>tag.Node)) at RPF.h line 31
cpp::weight(symbol(identifier=cpp::<signed_int>tag.Link)) at RPF.cpp line 15
<main invocation>
----------------------------------------------------
  dist::cpp::dist(symbol(identifier=cpp::<signed_int>tag.Node),symbol(identifier=cpp::<signed_int>tag.Node))::1::res=257f (257)

State 105 file ../backup/src/esbmc/Libraries//cmath line 24 thread 0
cpp::sqrt(float) at RPF.h line 20
cpp::dist(symbol(identifier=cpp::<signed_int>tag.Node),symbol(identifier=cpp::<signed_int>tag.Node)) at RPF.h line 31
cpp::weight(symbol(identifier=cpp::<signed_int>tag.Link)) at RPF.cpp line 15
<main invocation>
----------------------------------------------------
  sqrt::cpp::sqrt(float)::1::x=257l (257)

State 106 file ../backup/src/esbmc/Libraries//cmath line 25 thread 0
cpp::sqrt(float) at RPF.h line 20
cpp::dist(symbol(identifier=cpp::<signed_int>tag.Node),symbol(identifier=cpp::<signed_int>tag.Node)) at RPF.h line 31
cpp::weight(symbol(identifier=cpp::<signed_int>tag.Link)) at RPF.cpp line 15
<main invocation>
----------------------------------------------------
  sqrt::cpp::sqrt(float)::1::y=1l (1)

State 107 file ../backup/src/esbmc/Libraries//cmath line 29 thread 0
cpp::sqrt(float) at RPF.h line 20
cpp::dist(symbol(identifier=cpp::<signed_int>tag.Node),symbol(identifier=cpp::<signed_int>tag.Node)) at RPF.h line 31
cpp::weight(symbol(identifier=cpp::<signed_int>tag.Link)) at RPF.cpp line 15
<main invocation>
----------------------------------------------------
  sqrt::cpp::sqrt(float)::1::x=129l (129)

State 109 file ../backup/src/esbmc/Libraries//cmath line 30 thread 0
cpp::sqrt(float) at RPF.h line 20
cpp::dist(symbol(identifier=cpp::<signed_int>tag.Node),symbol(identifier=cpp::<signed_int>tag.Node)) at RPF.h line 31
cpp::weight(symbol(identifier=cpp::<signed_int>tag.Link)) at RPF.cpp line 15
<main invocation>
----------------------------------------------------
  sqrt::cpp::sqrt(float)::1::y=1.99224806181155145168304443359375l (1.99224806181155145168304443359375)

State 110 file ../backup/src/esbmc/Libraries//cmath line 29 thread 0
cpp::sqrt(float) at RPF.h line 20
cpp::dist(symbol(identifier=cpp::<signed_int>tag.Node),symbol(identifier=cpp::<signed_int>tag.Node)) at RPF.h line 31
cpp::weight(symbol(identifier=cpp::<signed_int>tag.Link)) at RPF.cpp line 15
<main invocation>
----------------------------------------------------
  sqrt::cpp::sqrt(float)::1::x=65.49612403078936040401458740234375l (65.49612403078936040401458740234375)

State 112 file ../backup/src/esbmc/Libraries//cmath line 30 thread 0
cpp::sqrt(float) at RPF.h line 20
cpp::dist(symbol(identifier=cpp::<signed_int>tag.Node),symbol(identifier=cpp::<signed_int>tag.Node)) at RPF.h line 31
cpp::weight(symbol(identifier=cpp::<signed_int>tag.Link)) at RPF.cpp line 15
<main invocation>
----------------------------------------------------
  sqrt::cpp::sqrt(float)::1::y=3.92389631900005042552947998046875l (3.92389631900005042552947998046875)

State 113 file ../backup/src/esbmc/Libraries//cmath line 29 thread 0
cpp::sqrt(float) at RPF.h line 20
cpp::dist(symbol(identifier=cpp::<signed_int>tag.Node),symbol(identifier=cpp::<signed_int>tag.Node)) at RPF.h line 31
cpp::weight(symbol(identifier=cpp::<signed_int>tag.Link)) at RPF.cpp line 15
<main invocation>
----------------------------------------------------
  sqrt::cpp::sqrt(float)::1::x=34.71001017489470541477203369140625l (34.71001017489470541477203369140625)

State 115 file ../backup/src/esbmc/Libraries//cmath line 30 thread 0
cpp::sqrt(float) at RPF.h line 20
cpp::dist(symbol(identifier=cpp::<signed_int>tag.Node),symbol(identifier=cpp::<signed_int>tag.Node)) at RPF.h line 31
cpp::weight(symbol(identifier=cpp::<signed_int>tag.Link)) at RPF.cpp line 15
<main invocation>
----------------------------------------------------
  sqrt::cpp::sqrt(float)::1::y=7.40420410991646349430084228515625l (7.40420410991646349430084228515625)

State 116 file ../backup/src/esbmc/Libraries//cmath line 29 thread 0
cpp::sqrt(float) at RPF.h line 20
cpp::dist(symbol(identifier=cpp::<signed_int>tag.Node),symbol(identifier=cpp::<signed_int>tag.Node)) at RPF.h line 31
cpp::weight(symbol(identifier=cpp::<signed_int>tag.Link)) at RPF.cpp line 15
<main invocation>
----------------------------------------------------
  sqrt::cpp::sqrt(float)::1::x=21.05710714240558445453643798828125l (21.05710714240558445453643798828125)

State 118 file ../backup/src/esbmc/Libraries//cmath line 30 thread 0
cpp::sqrt(float) at RPF.h line 20
cpp::dist(symbol(identifier=cpp::<signed_int>tag.Node),symbol(identifier=cpp::<signed_int>tag.Node)) at RPF.h line 31
cpp::weight(symbol(identifier=cpp::<signed_int>tag.Link)) at RPF.cpp line 15
<main invocation>
----------------------------------------------------
  sqrt::cpp::sqrt(float)::1::y=12.2049053679220378398895263671875l (12.2049053679220378398895263671875)

State 119 file ../backup/src/esbmc/Libraries//cmath line 29 thread 0
cpp::sqrt(float) at RPF.h line 20
cpp::dist(symbol(identifier=cpp::<signed_int>tag.Node),symbol(identifier=cpp::<signed_int>tag.Node)) at RPF.h line 31
cpp::weight(symbol(identifier=cpp::<signed_int>tag.Link)) at RPF.cpp line 15
<main invocation>
----------------------------------------------------
  sqrt::cpp::sqrt(float)::1::x=16.63100625504739582538604736328125l (16.63100625504739582538604736328125)

State 121 file ../backup/src/esbmc/Libraries//cmath line 30 thread 0
cpp::sqrt(float) at RPF.h line 20
cpp::dist(symbol(identifier=cpp::<signed_int>tag.Node),symbol(identifier=cpp::<signed_int>tag.Node)) at RPF.h line 31
cpp::weight(symbol(identifier=cpp::<signed_int>tag.Link)) at RPF.cpp line 15
<main invocation>
----------------------------------------------------
  sqrt::cpp::sqrt(float)::1::y=15.4530637566931545734405517578125l (15.4530637566931545734405517578125)

State 122 file ../backup/src/esbmc/Libraries//cmath line 29 thread 0
cpp::sqrt(float) at RPF.h line 20
cpp::dist(symbol(identifier=cpp::<signed_int>tag.Node),symbol(identifier=cpp::<signed_int>tag.Node)) at RPF.h line 31
cpp::weight(symbol(identifier=cpp::<signed_int>tag.Link)) at RPF.cpp line 15
<main invocation>
----------------------------------------------------
  sqrt::cpp::sqrt(float)::1::x=16.04203500575385987758636474609375l (16.04203500575385987758636474609375)

State 124 file ../backup/src/esbmc/Libraries//cmath line 30 thread 0
cpp::sqrt(float) at RPF.h line 20
cpp::dist(symbol(identifier=cpp::<signed_int>tag.Node),symbol(identifier=cpp::<signed_int>tag.Node)) at RPF.h line 31
cpp::weight(symbol(identifier=cpp::<signed_int>tag.Link)) at RPF.cpp line 15
<main invocation>
----------------------------------------------------
  sqrt::cpp::sqrt(float)::1::y=16.02041136962361633777618408203125l (16.02041136962361633777618408203125)

State 125 file ../backup/src/esbmc/Libraries//cmath line 29 thread 0
cpp::sqrt(float) at RPF.h line 20
cpp::dist(symbol(identifier=cpp::<signed_int>tag.Node),symbol(identifier=cpp::<signed_int>tag.Node)) at RPF.h line 31
cpp::weight(symbol(identifier=cpp::<signed_int>tag.Link)) at RPF.cpp line 15
<main invocation>
----------------------------------------------------
  sqrt::cpp::sqrt(float)::1::x=16.0312231876887381076812744140625l (16.0312231876887381076812744140625)

State 127 file ../backup/src/esbmc/Libraries//cmath line 30 thread 0
cpp::sqrt(float) at RPF.h line 20
cpp::dist(symbol(identifier=cpp::<signed_int>tag.Node),symbol(identifier=cpp::<signed_int>tag.Node)) at RPF.h line 31
cpp::weight(symbol(identifier=cpp::<signed_int>tag.Link)) at RPF.cpp line 15
<main invocation>
----------------------------------------------------
  sqrt::cpp::sqrt(float)::1::y=16.031215895898640155792236328125l (16.031215895898640155792236328125)

State 128 file ../backup/src/esbmc/Libraries//cmath line 29 thread 0
cpp::sqrt(float) at RPF.h line 20
cpp::dist(symbol(identifier=cpp::<signed_int>tag.Node),symbol(identifier=cpp::<signed_int>tag.Node)) at RPF.h line 31
cpp::weight(symbol(identifier=cpp::<signed_int>tag.Link)) at RPF.cpp line 15
<main invocation>
----------------------------------------------------
  sqrt::cpp::sqrt(float)::1::x=16.03121954179368913173675537109375l (16.03121954179368913173675537109375)

State 130 file ../backup/src/esbmc/Libraries//cmath line 30 thread 0
cpp::sqrt(float) at RPF.h line 20
cpp::dist(symbol(identifier=cpp::<signed_int>tag.Node),symbol(identifier=cpp::<signed_int>tag.Node)) at RPF.h line 31
cpp::weight(symbol(identifier=cpp::<signed_int>tag.Link)) at RPF.cpp line 15
<main invocation>
----------------------------------------------------
  sqrt::cpp::sqrt(float)::1::y=16.03121954179368913173675537109375l (16.03121954179368913173675537109375)

State 131 file ../backup/src/esbmc/Libraries//cmath line 29 thread 0
cpp::sqrt(float) at RPF.h line 20
cpp::dist(symbol(identifier=cpp::<signed_int>tag.Node),symbol(identifier=cpp::<signed_int>tag.Node)) at RPF.h line 31
cpp::weight(symbol(identifier=cpp::<signed_int>tag.Link)) at RPF.cpp line 15
<main invocation>
----------------------------------------------------
  sqrt::cpp::sqrt(float)::1::x=16.03121954179368913173675537109375l (16.03121954179368913173675537109375)

State 133 file ../backup/src/esbmc/Libraries//cmath line 30 thread 0
cpp::sqrt(float) at RPF.h line 20
cpp::dist(symbol(identifier=cpp::<signed_int>tag.Node),symbol(identifier=cpp::<signed_int>tag.Node)) at RPF.h line 31
cpp::weight(symbol(identifier=cpp::<signed_int>tag.Link)) at RPF.cpp line 15
<main invocation>
----------------------------------------------------
  sqrt::cpp::sqrt(float)::1::y=16.03121954179368913173675537109375l (16.03121954179368913173675537109375)

State 134 file ../backup/src/esbmc/Libraries//cmath line 29 thread 0
cpp::sqrt(float) at RPF.h line 20
cpp::dist(symbol(identifier=cpp::<signed_int>tag.Node),symbol(identifier=cpp::<signed_int>tag.Node)) at RPF.h line 31
cpp::weight(symbol(identifier=cpp::<signed_int>tag.Link)) at RPF.cpp line 15
<main invocation>
----------------------------------------------------
  sqrt::cpp::sqrt(float)::1::x=16.03121954179368913173675537109375l (16.03121954179368913173675537109375)

State 136 file ../backup/src/esbmc/Libraries//cmath line 30 thread 0
cpp::sqrt(float) at RPF.h line 20
cpp::dist(symbol(identifier=cpp::<signed_int>tag.Node),symbol(identifier=cpp::<signed_int>tag.Node)) at RPF.h line 31
cpp::weight(symbol(identifier=cpp::<signed_int>tag.Link)) at RPF.cpp line 15
<main invocation>
----------------------------------------------------
  sqrt::cpp::sqrt(float)::1::y=16.03121954179368913173675537109375l (16.03121954179368913173675537109375)

State 137 file ../backup/src/esbmc/Libraries//cmath line 29 thread 0
cpp::sqrt(float) at RPF.h line 20
cpp::dist(symbol(identifier=cpp::<signed_int>tag.Node),symbol(identifier=cpp::<signed_int>tag.Node)) at RPF.h line 31
cpp::weight(symbol(identifier=cpp::<signed_int>tag.Link)) at RPF.cpp line 15
<main invocation>
----------------------------------------------------
  sqrt::cpp::sqrt(float)::1::x=16.03121954179368913173675537109375l (16.03121954179368913173675537109375)

State 139 file ../backup/src/esbmc/Libraries//cmath line 30 thread 0
cpp::sqrt(float) at RPF.h line 20
cpp::dist(symbol(identifier=cpp::<signed_int>tag.Node),symbol(identifier=cpp::<signed_int>tag.Node)) at RPF.h line 31
cpp::weight(symbol(identifier=cpp::<signed_int>tag.Link)) at RPF.cpp line 15
<main invocation>
----------------------------------------------------
  sqrt::cpp::sqrt(float)::1::y=16.03121954179368913173675537109375l (16.03121954179368913173675537109375)

State 140 file ../backup/src/esbmc/Libraries//cmath line 29 thread 0
cpp::sqrt(float) at RPF.h line 20
cpp::dist(symbol(identifier=cpp::<signed_int>tag.Node),symbol(identifier=cpp::<signed_int>tag.Node)) at RPF.h line 31
cpp::weight(symbol(identifier=cpp::<signed_int>tag.Link)) at RPF.cpp line 15
<main invocation>
----------------------------------------------------
  sqrt::cpp::sqrt(float)::1::x=16.03121954179368913173675537109375l (16.03121954179368913173675537109375)

State 142 file ../backup/src/esbmc/Libraries//cmath line 30 thread 0
cpp::sqrt(float) at RPF.h line 20
cpp::dist(symbol(identifier=cpp::<signed_int>tag.Node),symbol(identifier=cpp::<signed_int>tag.Node)) at RPF.h line 31
cpp::weight(symbol(identifier=cpp::<signed_int>tag.Link)) at RPF.cpp line 15
<main invocation>
----------------------------------------------------
  sqrt::cpp::sqrt(float)::1::y=16.03121954179368913173675537109375l (16.03121954179368913173675537109375)

State 143 file ../backup/src/esbmc/Libraries//cmath line 29 thread 0
cpp::sqrt(float) at RPF.h line 20
cpp::dist(symbol(identifier=cpp::<signed_int>tag.Node),symbol(identifier=cpp::<signed_int>tag.Node)) at RPF.h line 31
cpp::weight(symbol(identifier=cpp::<signed_int>tag.Link)) at RPF.cpp line 15
<main invocation>
----------------------------------------------------
  sqrt::cpp::sqrt(float)::1::x=16.03121954179368913173675537109375l (16.03121954179368913173675537109375)

State 145 file ../backup/src/esbmc/Libraries//cmath line 30 thread 0
cpp::sqrt(float) at RPF.h line 20
cpp::dist(symbol(identifier=cpp::<signed_int>tag.Node),symbol(identifier=cpp::<signed_int>tag.Node)) at RPF.h line 31
cpp::weight(symbol(identifier=cpp::<signed_int>tag.Link)) at RPF.cpp line 15
<main invocation>
----------------------------------------------------
  sqrt::cpp::sqrt(float)::1::y=16.03121954179368913173675537109375l (16.03121954179368913173675537109375)

State 146 file ../backup/src/esbmc/Libraries//cmath line 29 thread 0
cpp::sqrt(float) at RPF.h line 20
cpp::dist(symbol(identifier=cpp::<signed_int>tag.Node),symbol(identifier=cpp::<signed_int>tag.Node)) at RPF.h line 31
cpp::weight(symbol(identifier=cpp::<signed_int>tag.Link)) at RPF.cpp line 15
<main invocation>
----------------------------------------------------
  sqrt::cpp::sqrt(float)::1::x=16.03121954179368913173675537109375l (16.03121954179368913173675537109375)

State 148 file ../backup/src/esbmc/Libraries//cmath line 30 thread 0
cpp::sqrt(float) at RPF.h line 20
cpp::dist(symbol(identifier=cpp::<signed_int>tag.Node),symbol(identifier=cpp::<signed_int>tag.Node)) at RPF.h line 31
cpp::weight(symbol(identifier=cpp::<signed_int>tag.Link)) at RPF.cpp line 15
<main invocation>
----------------------------------------------------
  sqrt::cpp::sqrt(float)::1::y=16.03121954179368913173675537109375l (16.03121954179368913173675537109375)

State 149 file ../backup/src/esbmc/Libraries//cmath line 29 thread 0
cpp::sqrt(float) at RPF.h line 20
cpp::dist(symbol(identifier=cpp::<signed_int>tag.Node),symbol(identifier=cpp::<signed_int>tag.Node)) at RPF.h line 31
cpp::weight(symbol(identifier=cpp::<signed_int>tag.Link)) at RPF.cpp line 15
<main invocation>
----------------------------------------------------
  sqrt::cpp::sqrt(float)::1::x=16.03121954179368913173675537109375l (16.03121954179368913173675537109375)

State 151 file ../backup/src/esbmc/Libraries//cmath line 33 thread 0
cpp::sqrt(float) at RPF.h line 20
cpp::dist(symbol(identifier=cpp::<signed_int>tag.Node),symbol(identifier=cpp::<signed_int>tag.Node)) at RPF.h line 31
cpp::weight(symbol(identifier=cpp::<signed_int>tag.Link)) at RPF.cpp line 15
<main invocation>
----------------------------------------------------
  cpp::dist(symbol(identifier=cpp::<signed_int>tag.Node),symbol(identifier=cpp::<signed_int>tag.Node))::$tmp::return_value_sqrt$1=16.031219482421875f (16.031219482421875)

State 152 file RPF.h line 20 thread 0
cpp::dist(symbol(identifier=cpp::<signed_int>tag.Node),symbol(identifier=cpp::<signed_int>tag.Node)) at RPF.h line 31
cpp::weight(symbol(identifier=cpp::<signed_int>tag.Link)) at RPF.cpp line 15
<main invocation>
----------------------------------------------------
  dist::cpp::dist(symbol(identifier=cpp::<signed_int>tag.Node),symbol(identifier=cpp::<signed_int>tag.Node))::1::ret=16.031219482421875f (16.031219482421875)

State 154 file RPF.h line 23 thread 0
cpp::dist(symbol(identifier=cpp::<signed_int>tag.Node),symbol(identifier=cpp::<signed_int>tag.Node)) at RPF.h line 31
cpp::weight(symbol(identifier=cpp::<signed_int>tag.Link)) at RPF.cpp line 15
<main invocation>
----------------------------------------------------
  cpp::weight(symbol(identifier=cpp::<signed_int>tag.Link))::$tmp::return_value_dist$3=16.031219482421875f (16.031219482421875)

State 155 file RPF.h line 31 thread 0
cpp::weight(symbol(identifier=cpp::<signed_int>tag.Link)) at RPF.cpp line 15
<main invocation>
----------------------------------------------------
  weight::cpp::weight(symbol(identifier=cpp::<signed_int>tag.Link))::1::dist_ud=16.031219482421875f (16.031219482421875)

State 159 file RPF.h line 34 thread 0
cpp::weight(symbol(identifier=cpp::<signed_int>tag.Link)) at RPF.cpp line 15
<main invocation>
----------------------------------------------------
  weight::cpp::weight(symbol(identifier=cpp::<signed_int>tag.Link))::1::ret=-18.7134857177734375f (-18.7134857177734375)

State 160 file RPF.h line 35 thread 0
cpp::weight(symbol(identifier=cpp::<signed_int>tag.Link)) at RPF.cpp line 15
<main invocation>
----------------------------------------------------
  c::main::$tmp::return_value_weight$6=-18.7134857177734375f (-18.7134857177734375)

State 161 file RPF.cpp line 15 thread 0
<main invocation>
----------------------------------------------------
  main::c::main::1::w_2=-18.7134857177734375f (-18.7134857177734375)

Violated property:
  file RPF.cpp line 17
  Odd symmetry violated!
  w_2 >= 0f

VERIFICATION FAILED

